0 info it worked if it ends with ok
1 verbose cli [ 'C:\\Program Files\\nodejs\\node.exe',
1 verbose cli   'C:\\Program Files\\nodejs\\node_modules\\npm\\bin\\npm-cli.js',
1 verbose cli   'run-script',
1 verbose cli   'update-geodb' ]
2 info using npm@2.14.12
3 info using node@v4.2.4
4 verbose run-script [ 'preupdate-geodb', 'update-geodb', 'postupdate-geodb' ]
5 info preupdate-geodb battlelog_gamespy@1.0.0
6 info update-geodb battlelog_gamespy@1.0.0
7 verbose unsafe-perm in lifecycle true
8 info battlelog_gamespy@1.0.0 Failed to exec update-geodb script
9 verbose stack Error: battlelog_gamespy@1.0.0 update-geodb: `geoip-lite updatedb`
9 verbose stack Exit status 1
9 verbose stack     at EventEmitter.<anonymous> (C:\Program Files\nodejs\node_modules\npm\lib\utils\lifecycle.js:214:16)
9 verbose stack     at emitTwo (events.js:87:13)
9 verbose stack     at EventEmitter.emit (events.js:172:7)
9 verbose stack     at ChildProcess.<anonymous> (C:\Program Files\nodejs\node_modules\npm\lib\utils\spawn.js:24:14)
9 verbose stack     at emitTwo (events.js:87:13)
9 verbose stack     at ChildProcess.emit (events.js:172:7)
9 verbose stack     at maybeClose (internal/child_process.js:818:16)
9 verbose stack     at Process.ChildProcess._handle.onexit (internal/child_process.js:211:5)
10 verbose pkgid battlelog_gamespy@1.0.0
11 verbose cwd C:\Users\Spencer.SHARKEY\Documents\bf2bl\battlelog_gamespy
12 error Windows_NT 10.0.10586
13 error argv "C:\\Program Files\\nodejs\\node.exe" "C:\\Program Files\\nodejs\\node_modules\\npm\\bin\\npm-cli.js" "run-script" "update-geodb"
14 error node v4.2.4
15 error npm  v2.14.12
16 error code ELIFECYCLE
17 error battlelog_gamespy@1.0.0 update-geodb: `geoip-lite updatedb`
17 error Exit status 1
18 error Failed at the battlelog_gamespy@1.0.0 update-geodb script 'geoip-lite updatedb'.
18 error This is most likely a problem with the battlelog_gamespy package,
18 error not with npm itself.
18 error Tell the author that this fails on your system:
18 error     geoip-lite updatedb
18 error You can get their info via:
18 error     npm owner ls battlelog_gamespy
18 error There is likely additional logging output above.
19 verbose exit [ 1, true ]
